0 info it worked if it ends with ok
1 verbose cli [ '/usr/local/bin/node',
1 verbose cli   '/usr/local/bin/npm',
1 verbose cli   'install',
1 verbose cli   '-g',
1 verbose cli   'compass' ]
2 info using npm@2.9.1
3 info using node@v0.12.3
4 verbose install initial load of /usr/local/lib/package.json
5 verbose readDependencies loading dependencies from /usr/local/lib/package.json
6 silly cache add args [ 'compass', null ]
7 verbose cache add spec compass
8 silly cache add parsed spec { raw: 'compass',
8 silly cache add   scope: null,
8 silly cache add   name: 'compass',
8 silly cache add   rawSpec: '',
8 silly cache add   spec: '*',
8 silly cache add   type: 'range' }
9 silly addNamed compass@*
10 verbose addNamed "*" is a valid semver range for compass
11 silly addNameRange { name: 'compass', range: '*', hasData: false }
12 silly mapToRegistry name compass
13 silly mapToRegistry using default registry
14 silly mapToRegistry registry https://registry.npmjs.org/
15 silly mapToRegistry uri https://registry.npmjs.org/compass
16 verbose addNameRange registry:https://registry.npmjs.org/compass not in flight; fetching
17 verbose request uri https://registry.npmjs.org/compass
18 verbose request no auth needed
19 info attempt registry request try #1 at 08:18:54
20 verbose request id ce300f61c332b9b8
21 http request GET https://registry.npmjs.org/compass
22 http 200 https://registry.npmjs.org/compass
23 silly get cb [ 200,
23 silly get   { server: 'CouchDB/1.5.0 (Erlang OTP/R16B03)',
23 silly get     etag: '"5LH6SCHEQBUQPVJSFYLAOP04U"',
23 silly get     'content-type': 'application/json',
23 silly get     'cache-control': 'max-age=60',
23 silly get     'content-length': '3710',
23 silly get     'accept-ranges': 'bytes',
23 silly get     date: 'Sat, 04 Jul 2015 23:18:54 GMT',
23 silly get     via: '1.1 varnish',
23 silly get     age: '0',
23 silly get     connection: 'keep-alive',
23 silly get     'x-served-by': 'cache-nrt6124-NRT',
23 silly get     'x-cache': 'MISS',
23 silly get     'x-cache-hits': '0',
23 silly get     'x-timer': 'S1436051934.193989,VS0,VE182',
23 silly get     vary: 'Accept' } ]
24 verbose get saving compass to /Users/itagakishintarou/.npm/registry.npmjs.org/compass/.cache.json
25 silly addNameRange number 2 { name: 'compass', range: '*', hasData: true }
26 silly addNameRange versions [ 'compass', [ '0.1.0', '0.1.1' ] ]
27 silly addNamed compass@0.1.1
28 verbose addNamed "0.1.1" is a plain semver version for compass
29 silly mapToRegistry name compass
30 silly mapToRegistry using default registry
31 silly mapToRegistry registry https://registry.npmjs.org/
32 silly mapToRegistry uri https://registry.npmjs.org/compass
33 verbose addRemoteTarball https://registry.npmjs.org/compass/-/compass-0.1.1.tgz not in flight; adding
34 verbose addRemoteTarball [ 'https://registry.npmjs.org/compass/-/compass-0.1.1.tgz',
34 verbose addRemoteTarball   '5c56d5eb442d10c1ad5989ef5c5e925db60c60e1' ]
35 info retry fetch attempt 1 at 08:18:54
36 info attempt registry request try #1 at 08:18:54
37 http fetch GET https://registry.npmjs.org/compass/-/compass-0.1.1.tgz
38 http fetch 200 https://registry.npmjs.org/compass/-/compass-0.1.1.tgz
39 silly fetchAndShaCheck shasum 5c56d5eb442d10c1ad5989ef5c5e925db60c60e1
40 verbose addTmpTarball /var/folders/yh/vt1hwzn51ng56r_x_v82_r1r0000gn/T/npm-2107-7e125d58/registry.npmjs.org/compass/-/compass-0.1.1.tgz not in flight; adding
41 verbose addTmpTarball already have metadata; skipping unpack for compass@0.1.1
42 silly cache afterAdd compass@0.1.1
43 verbose afterAdd /Users/itagakishintarou/.npm/compass/0.1.1/package/package.json not in flight; writing
44 verbose afterAdd /Users/itagakishintarou/.npm/compass/0.1.1/package/package.json written
45 silly install resolved [ { name: 'compass',
45 silly install resolved     version: '0.1.1',
45 silly install resolved     description: 'Compass for node.js',
45 silly install resolved     main: 'index.js',
45 silly install resolved     scripts: { test: 'echo "Error: no test specified" && exit 1' },
45 silly install resolved     repository: { type: 'git', url: 'git@github.com:ngryman/compass.git' },
45 silly install resolved     keywords: [ 'compass', 'sass', 'scss' ],
45 silly install resolved     author: { name: 'Nicolas Gryman' },
45 silly install resolved     license: 'MIT',
45 silly install resolved     devDependencies:
45 silly install resolved      { mocha: '1.8.x',
45 silly install resolved        chai: '1.5.x',
45 silly install resolved        express: '3.1.x',
45 silly install resolved        supertest: '0.5.x' },
45 silly install resolved     gitHead: '219e69e47f590d8906e203844f6fe8ae761d3240',
45 silly install resolved     bugs: { url: 'https://github.com/ngryman/compass/issues' },
45 silly install resolved     homepage: 'https://github.com/ngryman/compass',
45 silly install resolved     _id: 'compass@0.1.1',
45 silly install resolved     _shasum: '5c56d5eb442d10c1ad5989ef5c5e925db60c60e1',
45 silly install resolved     _from: 'compass@*',
45 silly install resolved     _npmVersion: '1.4.28',
45 silly install resolved     _npmUser: { name: 'ngryman', email: 'ngryman@gmail.com' },
45 silly install resolved     maintainers: [ [Object] ],
45 silly install resolved     dist:
45 silly install resolved      { shasum: '5c56d5eb442d10c1ad5989ef5c5e925db60c60e1',
45 silly install resolved        tarball: 'http://registry.npmjs.org/compass/-/compass-0.1.1.tgz' },
45 silly install resolved     directories: {},
45 silly install resolved     _resolved: 'https://registry.npmjs.org/compass/-/compass-0.1.1.tgz' } ]
46 info install compass@0.1.1 into /usr/local/lib
47 info installOne compass@0.1.1
48 verbose installOne of compass to /usr/local/lib not in flight; installing
49 verbose lock using /Users/itagakishintarou/.npm/_locks/compass-282e6d634fed1ba9.lock for /usr/local/lib/node_modules/compass
50 silly install write writing compass 0.1.1 to /usr/local/lib/node_modules/compass
51 verbose unbuild lib/node_modules/compass
52 silly gentlyRm /usr/local/lib/node_modules/compass is being purged from base /usr/local
53 verbose gentlyRm don't care about contents; nuking /usr/local/lib/node_modules/compass
54 verbose tar unpack /Users/itagakishintarou/.npm/compass/0.1.1/package.tgz
55 verbose tar unpacking to /usr/local/lib/node_modules/compass
56 silly gentlyRm /usr/local/lib/node_modules/compass is being purged
57 verbose gentlyRm don't care about contents; nuking /usr/local/lib/node_modules/compass
58 silly gunzTarPerm modes [ '755', '644' ]
59 error tar.unpack untar error /Users/itagakishintarou/.npm/compass/0.1.1/package.tgz
60 verbose unlock done using /Users/itagakishintarou/.npm/_locks/compass-282e6d634fed1ba9.lock for /usr/local/lib/node_modules/compass
61 verbose fstream_path /usr/local/lib/node_modules/compass
62 verbose fstream_type Directory
63 verbose fstream_class DirWriter
64 verbose stack Error: EACCES, mkdir '/usr/local/lib/node_modules/compass'
64 verbose stack     at Error (native)
65 verbose fstream_stack /usr/local/lib/node_modules/npm/node_modules/fstream/lib/dir-writer.js:36:23
65 verbose fstream_stack /usr/local/lib/node_modules/npm/node_modules/mkdirp/index.js:46:53
65 verbose fstream_stack FSReqWrap.oncomplete (fs.js:95:15)
66 verbose cwd /Users/itagakishintarou/git/zenhack
67 error Darwin 14.4.0
68 error argv "/usr/local/bin/node" "/usr/local/bin/npm" "install" "-g" "compass"
69 error node v0.12.3
70 error npm  v2.9.1
71 error path /usr/local/lib/node_modules/compass
72 error code EACCES
73 error errno -13
74 error Error: EACCES, mkdir '/usr/local/lib/node_modules/compass'
74 error     at Error (native)
74 error  { [Error: EACCES, mkdir '/usr/local/lib/node_modules/compass']
74 error   errno: -13,
74 error   code: 'EACCES',
74 error   path: '/usr/local/lib/node_modules/compass',
74 error   fstream_type: 'Directory',
74 error   fstream_path: '/usr/local/lib/node_modules/compass',
74 error   fstream_class: 'DirWriter',
74 error   fstream_stack:
74 error    [ '/usr/local/lib/node_modules/npm/node_modules/fstream/lib/dir-writer.js:36:23',
74 error      '/usr/local/lib/node_modules/npm/node_modules/mkdirp/index.js:46:53',
74 error      'FSReqWrap.oncomplete (fs.js:95:15)' ] }
75 error Please try running this command again as root/Administrator.
76 verbose exit [ -13, true ]
77 verbose unbuild lib/node_modules/compass
78 silly gentlyRm /usr/local/lib/node_modules/compass is being purged from base /usr/local
79 verbose gentlyRm don't care about contents; nuking /usr/local/lib/node_modules/compass
